2019-02-21 00:57:31 INFO  JavaRushTasksProjectComponent.projectOpened(69) - ---------- Project JavaRushTasks opened ----------
2019-02-21 00:57:31 INFO  JavaRushTasksProjectComponent.projectOpened(70) - ---------- Version 3.25 ----------

2019-02-21 00:57:31 INFO  JavaRushTasksProjectComponent.setAutoscrolls(344) - Autoscrolls успешно установлены
2019-02-21 00:57:33 INFO  ApacheHttpClient.login(233) - Ожидание ответа сервера.
2019-02-21 00:57:34 INFO  ApacheHttpClient.login(237) - responseCode = 200
2019-02-21 00:57:34 INFO  ApacheHttpClient.login(268) - JSESSIONID OK
2019-02-21 00:57:34 INFO  ApacheHttpClient.refreshUserInfo(296) - responseCode = 200
2019-02-21 00:57:34 INFO  ApacheHttpClient.refreshUserInfo(302) - Информация о пользователе получена.
2019-02-21 00:57:34 INFO  ApacheHttpClient.startGA(33) - GAService запущен.
2019-02-21 00:57:34 INFO  AbstractRestApiClient.startService(70) - EventsService запущен.
2019-02-21 01:10:26 INFO  JavaRushTasksProjectComponent.projectClosing(166) - ---------- Project JavaRushTasks closed ----------

2019-02-21 01:10:33 ERROR IcsManager.error(115) - https://mvnrepository.com/artifact/com.fasterxml.jackson.core/jackson-core: https://mvnrepository.com/artifact/com.fasterxml.jackson.core/jackson-core/info/refs?service=git-upload-pack not found
org.jetbrains.settingsRepository.NoRemoteRepositoryException: https://mvnrepository.com/artifact/com.fasterxml.jackson.core/jackson-core: https://mvnrepository.com/artifact/com.fasterxml.jackson.core/jackson-core/info/refs?service=git-upload-pack not found
	at org.jetbrains.settingsRepository.git.GitExKt.wrapIfNeedAndReThrow(GitEx.kt:32)
	at org.jetbrains.settingsRepository.git.GitExKt.fetch(GitEx.kt:64)
	at org.jetbrains.settingsRepository.git.Pull.fetch(pull.kt:94)
	at org.jetbrains.settingsRepository.git.Pull.fetch$default(pull.kt:91)
	at org.jetbrains.settingsRepository.ReadOnlySourceManager.update(ReadOnlySourceManager.kt:94)
	at org.jetbrains.settingsRepository.SyncKt.updateCloudSchemes(sync.kt:164)
	at org.jetbrains.settingsRepository.SyncManager$sync$1.invoke(sync.kt:129)
	at org.jetbrains.settingsRepository.SyncManager$sync$1.invoke(sync.kt:34)
	at org.jetbrains.settingsRepository.SyncManager$runSyncTask$1$$special$$inlined$runModalTask$1.run(progress.kt:27)
	at com.intellij.openapi.progress.impl.CoreProgressManager$TaskRunnable.run(CoreProgressManager.java:736)
	at com.intellij.openapi.progress.impl.CoreProgressManager$5.run(CoreProgressManager.java:434)
	at com.intellij.openapi.progress.impl.CoreProgressManager.lambda$runProcess$1(CoreProgressManager.java:157)
	at com.intellij.openapi.progress.impl.CoreProgressManager.registerIndicatorAndRun(CoreProgressManager.java:580)
	at com.intellij.openapi.progress.impl.CoreProgressManager.executeProcessUnderProgress(CoreProgressManager.java:525)
	at com.intellij.openapi.progress.impl.ProgressManagerImpl.executeProcessUnderProgress(ProgressManagerImpl.java:85)
	at com.intellij.openapi.progress.impl.CoreProgressManager.runProcess(CoreProgressManager.java:144)
	at com.intellij.openapi.application.impl.ApplicationImpl.lambda$null$10(ApplicationImpl.java:574)
	at com.intellij.openapi.application.impl.ApplicationImpl$1.run(ApplicationImpl.java:314)
	at java.util.concurrent.Executors$RunnableAdapter.call(Executors.java:511)
	at java.util.concurrent.FutureTask.run(FutureTask.java:266)
	at java.util.concurrent.ThreadPoolExecutor.runWorker(ThreadPoolExecutor.java:1142)
	at java.util.concurrent.ThreadPoolExecutor$Worker.run(ThreadPoolExecutor.java:617)
	at java.lang.Thread.run(Thread.java:745)
Caused by: org.eclipse.jgit.errors.NoRemoteRepositoryException: https://mvnrepository.com/artifact/com.fasterxml.jackson.core/jackson-core: https://mvnrepository.com/artifact/com.fasterxml.jackson.core/jackson-core/info/refs?service=git-upload-pack not found
	at org.eclipse.jgit.transport.TransportHttp.connect(TransportHttp.java:467)
	at org.eclipse.jgit.transport.TransportHttp.openFetch(TransportHttp.java:313)
	at org.eclipse.jgit.transport.FetchProcess.executeImp(FetchProcess.java:137)
	at org.eclipse.jgit.transport.FetchProcess.execute(FetchProcess.java:123)
	at org.eclipse.jgit.transport.Transport.fetch(Transport.java:1271)
	at org.jetbrains.settingsRepository.git.GitExKt.fetch(GitEx.kt:53)
	... 21 more
2019-02-21 01:10:33 ERROR IcsManager.logErrorHeader(120) - IntelliJ IDEA 2018.2.4  Build #IC-182.4505.22
2019-02-21 01:10:33 ERROR IcsManager.logErrorHeader(126) - JDK: 1.8.0_152-release
2019-02-21 01:10:33 ERROR IcsManager.logErrorHeader(127) - VM: OpenJDK 64-Bit Server VM
2019-02-21 01:10:33 ERROR IcsManager.logErrorHeader(128) - Vendor: JetBrains s.r.o
2019-02-21 01:10:33 ERROR IcsManager.logErrorHeader(129) - OS: Mac OS X
2019-02-21 01:10:33 ERROR IcsManager.logErrorHeader(135) - Last Action: TaskChooser
2019-02-21 01:18:07 INFO  JavaRushTasksProjectComponent.projectOpened(69) - ---------- Project JavaRushTasks opened ----------
2019-02-21 01:18:07 INFO  JavaRushTasksProjectComponent.projectOpened(70) - ---------- Version 3.25 ----------

2019-02-21 01:18:07 INFO  JavaRushTasksProjectComponent.setAutoscrolls(344) - Autoscrolls успешно установлены
2019-02-21 01:18:08 INFO  ApacheHttpClient.createAsyncHttpClient(130) - Выбрано 1 прокси. Тип : DIRECT
2019-02-21 01:18:08 INFO  ApacheHttpClient.<init>(88) - ApacheHttpClient проинстанциирован успешно.
2019-02-21 01:18:09 INFO  ApacheHttpClient.testConnection(188) - responseCode = 200
2019-02-21 01:18:09 INFO  ApacheHttpClient.testConnection(203) - result = true
2019-02-21 01:18:09 INFO  ApacheHttpClient.login(233) - Ожидание ответа сервера.
2019-02-21 01:18:09 INFO  ApacheHttpClient.login(237) - responseCode = 200
2019-02-21 01:18:09 INFO  ApacheHttpClient.login(268) - JSESSIONID OK
2019-02-21 01:18:09 INFO  ApacheHttpClient.refreshUserInfo(296) - responseCode = 200
2019-02-21 01:18:09 INFO  ApacheHttpClient.refreshUserInfo(302) - Информация о пользователе получена.
2019-02-21 01:18:09 INFO  ApacheHttpClient.startGA(33) - GAService запущен.
2019-02-21 01:18:09 INFO  AbstractRestApiClient.startService(70) - EventsService запущен.
2019-02-21 01:19:30 INFO  ApacheHttpClient.getWebResourceAsStream(492) - responseCode = 200
2019-02-21 01:19:31 INFO  ApacheHttpClient.getFilteredTasks(329) - responseCode = 200
2019-02-21 01:19:37 INFO  ApacheHttpClient.getFilteredTasks(329) - responseCode = 200
2019-02-21 01:19:41 INFO  ApacheHttpClient.getFilteredTasks(329) - responseCode = 200
2019-02-21 01:30:12 INFO  ApacheHttpClient.getWebResourceAsStream(492) - responseCode = 200
2019-02-21 01:30:12 INFO  ApacheHttpClient.getFilteredTasks(329) - responseCode = 200
2019-02-21 01:30:14 INFO  ApacheHttpClient.getTaskTemplateInfo(346) - responseCode = 200
2019-02-21 01:30:16 INFO  ApacheHttpClient.testConnection(188) - responseCode = 200
2019-02-21 01:30:16 INFO  ApacheHttpClient.testConnection(203) - result = true
2019-02-21 01:30:18 INFO  ApacheHttpClient.testConnection(188) - responseCode = 200
2019-02-21 01:30:18 INFO  ApacheHttpClient.testConnection(203) - result = true
2019-02-21 01:30:19 INFO  ApacheHttpClient.getWebResourceAsStream(492) - responseCode = 200
2019-02-21 01:31:09 INFO  ApacheHttpClient.sendEvent(525) - responseCode = 200
2019-02-21 01:31:44 INFO  ApacheHttpClient.testConnection(188) - responseCode = 200
2019-02-21 01:31:44 INFO  ApacheHttpClient.testConnection(203) - result = true
